<?xml version="1.0" encoding="UTF-8"?>
<testng-results skipped="0" failed="0" ignored="0" total="10" passed="10">
  <reporter-output>
  </reporter-output>
  <suite name="Sanity" duration-ms="80592" started-at="2019-03-03T08:54:20Z" finished-at="2019-03-03T08:55:41Z">
    <groups>
      <group name="Sanity">
        <method signature="LoginTest1.log__in()[pri:0, instance:Sanity.LoginTest1@5e025e70]" name="log__in" class="Sanity.LoginTest1"/>
        <method signature="LoginTest2.log__in()[pri:0, instance:Sanity.LoginTest2@7c30a502]" name="log__in" class="Sanity.LoginTest2"/>
        <method signature="LoginTest3.log__in()[pri:0, instance:Sanity.LoginTest3@3b6eb2ec]" name="log__in" class="Sanity.LoginTest3"/>
        <method signature="LoginTest4.log__in()[pri:0, instance:Sanity.LoginTest4@3f3afe78]" name="log__in" class="Sanity.LoginTest4"/>
        <method signature="LoginTest5.log__in()[pri:0, instance:Sanity.LoginTest5@5b464ce8]" name="log__in" class="Sanity.LoginTest5"/>
        <method signature="LoginTest6.log__in()[pri:0, instance:Sanity.LoginTest6@7a0ac6e3]" name="log__in" class="Sanity.LoginTest6"/>
        <method signature="LoginTest7.log__in()[pri:0, instance:Sanity.LoginTest7@506e6d5e]" name="log__in" class="Sanity.LoginTest7"/>
        <method signature="LoginTest8.log__in()[pri:0, instance:Sanity.LoginTest8@7f690630]" name="log__in" class="Sanity.LoginTest8"/>
        <method signature="LoginTest9.log__in()[pri:0, instance:Sanity.LoginTest9@6cd8737]" name="log__in" class="Sanity.LoginTest9"/>
        <method signature="LoginTest10.log__in()[pri:0, instance:Sanity.LoginTest10@5ebec15]" name="log__in" class="Sanity.LoginTest10"/>
      </group> <!-- Sanity -->
    </groups>
    <test name="Sanity5" duration-ms="8621" started-at="2019-03-03T08:54:20Z" finished-at="2019-03-03T08:54:29Z">
      <class name="Sanity.LoginTest5">
        <test-method status="PASS" signature="setupDriver(org.testng.ITestContext)[pri:0, instance:Sanity.LoginTest5@5b464ce8]" name="setupDriver" is-config="true" duration-ms="928" started-at="2019-03-03T08:54:20Z" finished-at="2019-03-03T08:54:21Z">
          <params>
            <param index="0">
              <value>
                <![CDATA[org.testng.TestRunner@6276ae34]]>
              </value>
            </param>
          </params>
          <reporter-output>
          </reporter-output>
        </test-method> <!-- setupDriver -->
        <test-method status="PASS" signature="log__in()[pri:0, instance:Sanity.LoginTest5@5b464ce8]" name="log__in" duration-ms="7627" started-at="2019-03-03T08:54:21Z" description="the script should perform a login by giving the Email, Pass, and click the login button" finished-at="2019-03-03T08:54:29Z">
          <reporter-output>
          </reporter-output>
        </test-method> <!-- log__in -->
        <test-method status="PASS" signature="quitDriver()[pri:0, instance:Sanity.LoginTest5@5b464ce8]" name="quitDriver" is-config="true" duration-ms="59" started-at="2019-03-03T08:54:29Z" finished-at="2019-03-03T08:54:29Z">
          <reporter-output>
          </reporter-output>
        </test-method> <!-- quitDriver -->
      </class> <!-- Sanity.LoginTest5 -->
    </test> <!-- Sanity5 -->
    <test name="Sanity4" duration-ms="16513" started-at="2019-03-03T08:54:20Z" finished-at="2019-03-03T08:54:37Z">
      <class name="Sanity.LoginTest4">
        <test-method status="PASS" signature="setupDriver(org.testng.ITestContext)[pri:0, instance:Sanity.LoginTest4@3f3afe78]" name="setupDriver" is-config="true" duration-ms="9167" started-at="2019-03-03T08:54:20Z" finished-at="2019-03-03T08:54:30Z">
          <params>
            <param index="0">
              <value>
                <![CDATA[org.testng.TestRunner@5cc7c2a6]]>
              </value>
            </param>
          </params>
          <reporter-output>
          </reporter-output>
        </test-method> <!-- setupDriver -->
        <test-method status="PASS" signature="log__in()[pri:0, instance:Sanity.LoginTest4@3f3afe78]" name="log__in" duration-ms="7274" started-at="2019-03-03T08:54:30Z" description="the script should perform a login by giving the Email, Pass, and click the login button" finished-at="2019-03-03T08:54:37Z">
          <reporter-output>
          </reporter-output>
        </test-method> <!-- log__in -->
        <test-method status="PASS" signature="quitDriver()[pri:0, instance:Sanity.LoginTest4@3f3afe78]" name="quitDriver" is-config="true" duration-ms="72" started-at="2019-03-03T08:54:37Z" finished-at="2019-03-03T08:54:37Z">
          <reporter-output>
          </reporter-output>
        </test-method> <!-- quitDriver -->
      </class> <!-- Sanity.LoginTest4 -->
    </test> <!-- Sanity4 -->
    <test name="Sanity2" duration-ms="24374" started-at="2019-03-03T08:54:20Z" finished-at="2019-03-03T08:54:45Z">
      <class name="Sanity.LoginTest2">
        <test-method status="PASS" signature="setupDriver(org.testng.ITestContext)[pri:0, instance:Sanity.LoginTest2@7c30a502]" name="setupDriver" is-config="true" duration-ms="16977" started-at="2019-03-03T08:54:20Z" finished-at="2019-03-03T08:54:37Z">
          <params>
            <param index="0">
              <value>
                <![CDATA[org.testng.TestRunner@3c09711b]]>
              </value>
            </param>
          </params>
          <reporter-output>
          </reporter-output>
        </test-method> <!-- setupDriver -->
        <test-method status="PASS" signature="log__in()[pri:0, instance:Sanity.LoginTest2@7c30a502]" name="log__in" duration-ms="7332" started-at="2019-03-03T08:54:37Z" description="the script should perform a login by giving the Email, Pass, and click the login button" finished-at="2019-03-03T08:54:45Z">
          <reporter-output>
          </reporter-output>
        </test-method> <!-- log__in -->
        <test-method status="PASS" signature="quitDriver()[pri:0, instance:Sanity.LoginTest2@7c30a502]" name="quitDriver" is-config="true" duration-ms="63" started-at="2019-03-03T08:54:45Z" finished-at="2019-03-03T08:54:45Z">
          <reporter-output>
          </reporter-output>
        </test-method> <!-- quitDriver -->
      </class> <!-- Sanity.LoginTest2 -->
    </test> <!-- Sanity2 -->
    <test name="Sanity1" duration-ms="32302" started-at="2019-03-03T08:54:20Z" finished-at="2019-03-03T08:54:53Z">
      <class name="Sanity.LoginTest1">
        <test-method status="PASS" signature="setupDriver(org.testng.ITestContext)[pri:0, instance:Sanity.LoginTest1@5e025e70]" name="setupDriver" is-config="true" duration-ms="24809" started-at="2019-03-03T08:54:20Z" finished-at="2019-03-03T08:54:45Z">
          <params>
            <param index="0">
              <value>
                <![CDATA[org.testng.TestRunner@39fb3ab6]]>
              </value>
            </param>
          </params>
          <reporter-output>
          </reporter-output>
        </test-method> <!-- setupDriver -->
        <test-method status="PASS" signature="log__in()[pri:0, instance:Sanity.LoginTest1@5e025e70]" name="log__in" duration-ms="7434" started-at="2019-03-03T08:54:45Z" description="the script should perform a login by giving the Email, Pass, and click the login button" finished-at="2019-03-03T08:54:53Z">
          <reporter-output>
          </reporter-output>
        </test-method> <!-- log__in -->
        <test-method status="PASS" signature="quitDriver()[pri:0, instance:Sanity.LoginTest1@5e025e70]" name="quitDriver" is-config="true" duration-ms="59" started-at="2019-03-03T08:54:53Z" finished-at="2019-03-03T08:54:53Z">
          <reporter-output>
          </reporter-output>
        </test-method> <!-- quitDriver -->
      </class> <!-- Sanity.LoginTest1 -->
    </test> <!-- Sanity1 -->
    <test name="Sanity3" duration-ms="40270" started-at="2019-03-03T08:54:20Z" finished-at="2019-03-03T08:55:01Z">
      <class name="Sanity.LoginTest3">
        <test-method status="PASS" signature="setupDriver(org.testng.ITestContext)[pri:0, instance:Sanity.LoginTest3@3b6eb2ec]" name="setupDriver" is-config="true" duration-ms="32728" started-at="2019-03-03T08:54:20Z" finished-at="2019-03-03T08:54:53Z">
          <params>
            <param index="0">
              <value>
                <![CDATA[org.testng.TestRunner@7946e1f4]]>
              </value>
            </param>
          </params>
          <reporter-output>
          </reporter-output>
        </test-method> <!-- setupDriver -->
        <test-method status="PASS" signature="log__in()[pri:0, instance:Sanity.LoginTest3@3b6eb2ec]" name="log__in" duration-ms="7480" started-at="2019-03-03T08:54:53Z" description="the script should perform a login by giving the Email, Pass, and click the login button" finished-at="2019-03-03T08:55:01Z">
          <reporter-output>
          </reporter-output>
        </test-method> <!-- log__in -->
        <test-method status="PASS" signature="quitDriver()[pri:0, instance:Sanity.LoginTest3@3b6eb2ec]" name="quitDriver" is-config="true" duration-ms="62" started-at="2019-03-03T08:55:01Z" finished-at="2019-03-03T08:55:01Z">
          <reporter-output>
          </reporter-output>
        </test-method> <!-- quitDriver -->
      </class> <!-- Sanity.LoginTest3 -->
    </test> <!-- Sanity3 -->
    <test name="Sanity6" duration-ms="39347" started-at="2019-03-03T08:54:29Z" finished-at="2019-03-03T08:55:09Z">
      <class name="Sanity.LoginTest6">
        <test-method status="PASS" signature="setupDriver(org.testng.ITestContext)[pri:0, instance:Sanity.LoginTest6@7a0ac6e3]" name="setupDriver" is-config="true" duration-ms="32015" started-at="2019-03-03T08:54:29Z" finished-at="2019-03-03T08:55:01Z">
          <params>
            <param index="0">
              <value>
                <![CDATA[org.testng.TestRunner@b97c004]]>
              </value>
            </param>
          </params>
          <reporter-output>
          </reporter-output>
        </test-method> <!-- setupDriver -->
        <test-method status="PASS" signature="log__in()[pri:0, instance:Sanity.LoginTest6@7a0ac6e3]" name="log__in" duration-ms="7272" started-at="2019-03-03T08:55:01Z" description="the script should perform a login by giving the Email, Pass, and click the login button" finished-at="2019-03-03T08:55:08Z">
          <reporter-output>
          </reporter-output>
        </test-method> <!-- log__in -->
        <test-method status="PASS" signature="quitDriver()[pri:0, instance:Sanity.LoginTest6@7a0ac6e3]" name="quitDriver" is-config="true" duration-ms="60" started-at="2019-03-03T08:55:08Z" finished-at="2019-03-03T08:55:09Z">
          <reporter-output>
          </reporter-output>
        </test-method> <!-- quitDriver -->
      </class> <!-- Sanity.LoginTest6 -->
    </test> <!-- Sanity6 -->
    <test name="Sanity7" duration-ms="39185" started-at="2019-03-03T08:54:37Z" finished-at="2019-03-03T08:55:16Z">
      <class name="Sanity.LoginTest7">
        <test-method status="PASS" signature="setupDriver(org.testng.ITestContext)[pri:0, instance:Sanity.LoginTest7@506e6d5e]" name="setupDriver" is-config="true" duration-ms="31861" started-at="2019-03-03T08:54:37Z" finished-at="2019-03-03T08:55:09Z">
          <params>
            <param index="0">
              <value>
                <![CDATA[org.testng.TestRunner@4590c9c3]]>
              </value>
            </param>
          </params>
          <reporter-output>
          </reporter-output>
        </test-method> <!-- setupDriver -->
        <test-method status="PASS" signature="log__in()[pri:0, instance:Sanity.LoginTest7@506e6d5e]" name="log__in" duration-ms="7262" started-at="2019-03-03T08:55:09Z" description="the script should perform a login by giving the Email, Pass, and click the login button" finished-at="2019-03-03T08:55:16Z">
          <reporter-output>
          </reporter-output>
        </test-method> <!-- log__in -->
        <test-method status="PASS" signature="quitDriver()[pri:0, instance:Sanity.LoginTest7@506e6d5e]" name="quitDriver" is-config="true" duration-ms="61" started-at="2019-03-03T08:55:16Z" finished-at="2019-03-03T08:55:16Z">
          <reporter-output>
          </reporter-output>
        </test-method> <!-- quitDriver -->
      </class> <!-- Sanity.LoginTest7 -->
    </test> <!-- Sanity7 -->
    <test name="Sanity8" duration-ms="38725" started-at="2019-03-03T08:54:45Z" finished-at="2019-03-03T08:55:24Z">
      <class name="Sanity.LoginTest8">
        <test-method status="PASS" signature="setupDriver(org.testng.ITestContext)[pri:0, instance:Sanity.LoginTest8@7f690630]" name="setupDriver" is-config="true" duration-ms="31723" started-at="2019-03-03T08:54:45Z" finished-at="2019-03-03T08:55:17Z">
          <params>
            <param index="0">
              <value>
                <![CDATA[org.testng.TestRunner@32e6e9c3]]>
              </value>
            </param>
          </params>
          <reporter-output>
          </reporter-output>
        </test-method> <!-- setupDriver -->
        <test-method status="PASS" signature="log__in()[pri:0, instance:Sanity.LoginTest8@7f690630]" name="log__in" duration-ms="6937" started-at="2019-03-03T08:55:17Z" description="the script should perform a login by giving the Email, Pass, and click the login button" finished-at="2019-03-03T08:55:24Z">
          <reporter-output>
          </reporter-output>
        </test-method> <!-- log__in -->
        <test-method status="PASS" signature="quitDriver()[pri:0, instance:Sanity.LoginTest8@7f690630]" name="quitDriver" is-config="true" duration-ms="64" started-at="2019-03-03T08:55:24Z" finished-at="2019-03-03T08:55:24Z">
          <reporter-output>
          </reporter-output>
        </test-method> <!-- quitDriver -->
      </class> <!-- Sanity.LoginTest8 -->
    </test> <!-- Sanity8 -->
    <test name="Sanity9" duration-ms="40591" started-at="2019-03-03T08:54:53Z" finished-at="2019-03-03T08:55:33Z">
      <class name="Sanity.LoginTest9">
        <test-method status="PASS" signature="setupDriver(org.testng.ITestContext)[pri:0, instance:Sanity.LoginTest9@6cd8737]" name="setupDriver" is-config="true" duration-ms="31234" started-at="2019-03-03T08:54:53Z" finished-at="2019-03-03T08:55:24Z">
          <params>
            <param index="0">
              <value>
                <![CDATA[org.testng.TestRunner@5056dfcb]]>
              </value>
            </param>
          </params>
          <reporter-output>
          </reporter-output>
        </test-method> <!-- setupDriver -->
        <test-method status="PASS" signature="log__in()[pri:0, instance:Sanity.LoginTest9@6cd8737]" name="log__in" duration-ms="9246" started-at="2019-03-03T08:55:24Z" description="the script should perform a login by giving the Email, Pass, and click the login button" finished-at="2019-03-03T08:55:33Z">
          <reporter-output>
          </reporter-output>
        </test-method> <!-- log__in -->
        <test-method status="PASS" signature="quitDriver()[pri:0, instance:Sanity.LoginTest9@6cd8737]" name="quitDriver" is-config="true" duration-ms="110" started-at="2019-03-03T08:55:33Z" finished-at="2019-03-03T08:55:33Z">
          <reporter-output>
          </reporter-output>
        </test-method> <!-- quitDriver -->
      </class> <!-- Sanity.LoginTest9 -->
    </test> <!-- Sanity9 -->
    <test name="Sanity10" duration-ms="40274" started-at="2019-03-03T08:55:01Z" finished-at="2019-03-03T08:55:41Z">
      <class name="Sanity.LoginTest10">
        <test-method status="PASS" signature="setupDriver(org.testng.ITestContext)[pri:0, instance:Sanity.LoginTest10@5ebec15]" name="setupDriver" is-config="true" duration-ms="33023" started-at="2019-03-03T08:55:01Z" finished-at="2019-03-03T08:55:34Z">
          <params>
            <param index="0">
              <value>
                <![CDATA[org.testng.TestRunner@6574b225]]>
              </value>
            </param>
          </params>
          <reporter-output>
          </reporter-output>
        </test-method> <!-- setupDriver -->
        <test-method status="PASS" signature="log__in()[pri:0, instance:Sanity.LoginTest10@5ebec15]" name="log__in" duration-ms="7188" started-at="2019-03-03T08:55:34Z" description="the script should perform a login by giving the Email, Pass, and click the login button" finished-at="2019-03-03T08:55:41Z">
          <reporter-output>
          </reporter-output>
        </test-method> <!-- log__in -->
        <test-method status="PASS" signature="quitDriver()[pri:0, instance:Sanity.LoginTest10@5ebec15]" name="quitDriver" is-config="true" duration-ms="62" started-at="2019-03-03T08:55:41Z" finished-at="2019-03-03T08:55:41Z">
          <reporter-output>
          </reporter-output>
        </test-method> <!-- quitDriver -->
      </class> <!-- Sanity.LoginTest10 -->
    </test> <!-- Sanity10 -->
  </suite> <!-- Sanity -->
</testng-results>
